2023-03-29T09:30:24+00:00 DEBUG tt4b_product_sync: missing access token for tt4b_product_sync
2023-03-29T09:30:24+00:00 DEBUG tt4b_product_sync: missing access token for tt4b_product_sync
2023-03-29T09:30:24+00:00 DEBUG tt4b_product_sync: missing access token for tt4b_product_sync
2023-03-29T09:30:25+00:00 DEBUG tt4b_product_sync: missing access token for tt4b_product_sync
2023-03-29T09:30:25+00:00 DEBUG tt4b_product_sync: missing access token for tt4b_product_sync
2023-03-29T09:30:25+00:00 DEBUG tt4b_product_sync: missing access token for tt4b_product_sync
2023-03-29T09:30:25+00:00 DEBUG tt4b_product_sync: missing access token for tt4b_product_sync
2023-03-29T09:30:25+00:00 DEBUG tt4b_product_sync: missing access token for tt4b_product_sync
2023-03-29T09:30:25+00:00 DEBUG tt4b_product_sync: missing access token for tt4b_product_sync
2023-03-29T09:30:25+00:00 DEBUG tt4b_product_sync: missing access token for tt4b_product_sync
2023-03-29T09:30:25+00:00 DEBUG tt4b_product_sync: missing access token for tt4b_product_sync
2023-03-29T09:30:25+00:00 DEBUG tt4b_product_sync: missing access token for tt4b_product_sync
2023-03-29T09:30:32+00:00 DEBUG tt4b_product_sync: missing access token for tt4b_product_sync
2023-03-29T09:30:33+00:00 DEBUG tt4b_product_sync: missing access token for tt4b_product_sync
2023-03-29T09:40:43+00:00 DEBUG tt4b_product_sync: missing access token for tt4b_product_sync
2023-03-29T09:40:44+00:00 DEBUG tt4b_product_sync: missing access token for tt4b_product_sync
2023-03-29T09:40:44+00:00 DEBUG tt4b_product_sync: missing access token for tt4b_product_sync
2023-03-29T09:40:44+00:00 DEBUG tt4b_product_sync: missing access token for tt4b_product_sync
2023-03-29T09:40:44+00:00 DEBUG tt4b_product_sync: missing access token for tt4b_product_sync
2023-03-29T09:40:44+00:00 DEBUG tt4b_product_sync: missing access token for tt4b_product_sync
2023-03-29T09:40:44+00:00 DEBUG tt4b_product_sync: missing access token for tt4b_product_sync
2023-03-29T09:40:45+00:00 DEBUG tt4b_product_sync: missing access token for tt4b_product_sync
2023-03-29T09:40:45+00:00 DEBUG tt4b_product_sync: missing access token for tt4b_product_sync
2023-03-29T09:40:45+00:00 DEBUG tt4b_product_sync: missing access token for tt4b_product_sync
2023-03-29T09:40:45+00:00 DEBUG tt4b_product_sync: missing access token for tt4b_product_sync
2023-03-29T09:40:45+00:00 DEBUG tt4b_product_sync: missing access token for tt4b_product_sync
2023-03-29T09:40:45+00:00 DEBUG tt4b_product_sync: missing access token for tt4b_product_sync
2023-03-29T09:40:45+00:00 DEBUG tt4b_product_sync: missing access token for tt4b_product_sync
2023-03-29T09:40:46+00:00 DEBUG tt4b_product_sync: missing access token for tt4b_product_sync
2023-03-29T09:40:46+00:00 DEBUG tt4b_product_sync: missing access token for tt4b_product_sync
2023-03-29T09:40:46+00:00 DEBUG tt4b_product_sync: missing access token for tt4b_product_sync
2023-03-29T09:40:46+00:00 DEBUG tt4b_product_sync: missing access token for tt4b_product_sync
2023-03-29T09:40:46+00:00 DEBUG tt4b_product_sync: missing access token for tt4b_product_sync
2023-03-29T09:40:46+00:00 DEBUG tt4b_product_sync: missing access token for tt4b_product_sync
2023-03-29T09:40:46+00:00 DEBUG tt4b_product_sync: missing access token for tt4b_product_sync
2023-03-29T09:40:46+00:00 DEBUG tt4b_product_sync: missing access token for tt4b_product_sync
2023-03-29T09:40:46+00:00 DEBUG tt4b_product_sync: missing access token for tt4b_product_sync
2023-03-29T09:40:47+00:00 DEBUG tt4b_product_sync: missing access token for tt4b_product_sync
2023-03-29T09:40:47+00:00 DEBUG tt4b_product_sync: missing access token for tt4b_product_sync
2023-03-29T09:40:47+00:00 DEBUG tt4b_product_sync: missing access token for tt4b_product_sync
2023-03-29T09:40:47+00:00 DEBUG tt4b_product_sync: missing access token for tt4b_product_sync
2023-03-29T09:40:47+00:00 DEBUG tt4b_product_sync: missing access token for tt4b_product_sync
2023-03-29T09:40:47+00:00 DEBUG tt4b_product_sync: missing access token for tt4b_product_sync
2023-03-29T09:40:47+00:00 DEBUG tt4b_product_sync: missing access token for tt4b_product_sync
2023-03-29T09:40:55+00:00 DEBUG tt4b_product_sync: missing access token for tt4b_product_sync
2023-03-29T09:41:03+00:00 DEBUG tt4b_product_sync: missing access token for tt4b_product_sync
2023-03-29T09:41:06+00:00 DEBUG tt4b_product_sync: missing access token for tt4b_product_sync
2023-03-29T09:41:11+00:00 DEBUG tt4b_product_sync: missing access token for tt4b_product_sync
2023-03-29T09:41:11+00:00 DEBUG tt4b_product_sync: missing access token for tt4b_product_sync
2023-03-29T09:41:11+00:00 DEBUG tt4b_product_sync: missing access token for tt4b_product_sync
2023-03-29T09:41:21+00:00 DEBUG tt4b_product_sync: missing access token for tt4b_product_sync
2023-03-29T09:41:29+00:00 DEBUG tt4b_product_sync: missing access token for tt4b_product_sync
2023-03-29T09:41:33+00:00 DEBUG tt4b_product_sync: missing access token for tt4b_product_sync
2023-03-29T09:41:33+00:00 DEBUG tt4b_product_sync: missing access token for tt4b_product_sync
2023-03-29T09:41:33+00:00 DEBUG tt4b_product_sync: missing access token for tt4b_product_sync
2023-03-29T09:41:33+00:00 DEBUG tt4b_product_sync: missing access token for tt4b_product_sync
2023-03-29T09:41:33+00:00 DEBUG tt4b_product_sync: missing access token for tt4b_product_sync
2023-03-29T09:41:33+00:00 DEBUG tt4b_product_sync: missing access token for tt4b_product_sync
2023-03-29T09:41:34+00:00 DEBUG tt4b_product_sync: missing access token for tt4b_product_sync
2023-03-29T09:41:34+00:00 DEBUG tt4b_product_sync: missing access token for tt4b_product_sync
2023-03-29T09:41:34+00:00 DEBUG tt4b_product_sync: missing access token for tt4b_product_sync
2023-03-29T09:41:34+00:00 DEBUG tt4b_product_sync: missing access token for tt4b_product_sync
2023-03-29T09:41:34+00:00 DEBUG tt4b_product_sync: missing access token for tt4b_product_sync
2023-03-29T09:41:34+00:00 DEBUG tt4b_product_sync: missing access token for tt4b_product_sync
2023-03-29T09:41:39+00:00 DEBUG tt4b_product_sync: missing access token for tt4b_product_sync
2023-03-29T09:41:45+00:00 DEBUG tt4b_product_sync: missing access token for tt4b_product_sync
2023-03-29T09:41:49+00:00 DEBUG tt4b_product_sync: missing access token for tt4b_product_sync
2023-03-29T09:41:52+00:00 DEBUG tt4b_product_sync: missing access token for tt4b_product_sync
2023-03-29T09:41:58+00:00 DEBUG tt4b_product_sync: missing access token for tt4b_product_sync
2023-03-29T09:42:02+00:00 DEBUG tt4b_product_sync: missing access token for tt4b_product_sync
2023-03-29T09:42:02+00:00 DEBUG tt4b_product_sync: missing access token for tt4b_product_sync
2023-03-29T09:42:02+00:00 DEBUG tt4b_product_sync: missing access token for tt4b_product_sync
2023-03-29T09:42:02+00:00 DEBUG tt4b_product_sync: missing access token for tt4b_product_sync
2023-03-29T09:42:02+00:00 DEBUG tt4b_product_sync: missing access token for tt4b_product_sync
2023-03-29T09:42:02+00:00 DEBUG tt4b_product_sync: missing access token for tt4b_product_sync
2023-03-29T09:42:02+00:00 DEBUG tt4b_product_sync: missing access token for tt4b_product_sync
2023-03-29T09:42:02+00:00 DEBUG tt4b_product_sync: missing access token for tt4b_product_sync
2023-03-29T09:42:03+00:00 DEBUG tt4b_product_sync: missing access token for tt4b_product_sync
2023-03-29T09:42:03+00:00 DEBUG tt4b_product_sync: missing access token for tt4b_product_sync
2023-03-29T09:42:03+00:00 DEBUG tt4b_product_sync: missing access token for tt4b_product_sync
2023-03-29T09:42:03+00:00 DEBUG tt4b_product_sync: missing access token for tt4b_product_sync
2023-03-29T09:42:03+00:00 DEBUG tt4b_product_sync: missing access token for tt4b_product_sync
2023-03-29T09:42:03+00:00 DEBUG tt4b_product_sync: missing access token for tt4b_product_sync
2023-03-29T09:42:03+00:00 DEBUG tt4b_product_sync: missing access token for tt4b_product_sync
2023-03-29T09:42:03+00:00 DEBUG tt4b_product_sync: missing access token for tt4b_product_sync
2023-03-29T09:42:03+00:00 DEBUG tt4b_product_sync: missing access token for tt4b_product_sync
2023-03-29T09:42:03+00:00 DEBUG tt4b_product_sync: missing access token for tt4b_product_sync
2023-03-29T09:42:03+00:00 DEBUG tt4b_product_sync: missing access token for tt4b_product_sync
2023-03-29T09:42:04+00:00 DEBUG tt4b_product_sync: missing access token for tt4b_product_sync
2023-03-29T09:42:06+00:00 DEBUG tt4b_product_sync: missing access token for tt4b_product_sync
2023-03-29T09:42:11+00:00 DEBUG tt4b_product_sync: missing access token for tt4b_product_sync
2023-03-29T09:42:14+00:00 DEBUG tt4b_product_sync: missing access token for tt4b_product_sync
2023-03-29T09:42:17+00:00 DEBUG tt4b_product_sync: missing access token for tt4b_product_sync
2023-03-29T09:42:22+00:00 DEBUG tt4b_product_sync: missing access token for tt4b_product_sync
2023-03-29T09:42:24+00:00 DEBUG tt4b_product_sync: missing access token for tt4b_product_sync
2023-03-29T09:42:29+00:00 DEBUG tt4b_product_sync: missing access token for tt4b_product_sync
2023-03-29T09:42:29+00:00 DEBUG tt4b_product_sync: missing access token for tt4b_product_sync
2023-03-29T09:42:29+00:00 DEBUG tt4b_product_sync: missing access token for tt4b_product_sync
2023-03-29T09:49:32+00:00 DEBUG Tt4b_Pixel_Class::inject_view_content_event: hit injectViewContentEvent
2023-03-29T09:49:32+00:00 DEBUG Tt4b_Pixel_Class::inject_view_content_event: Missing option "access_token"
2023-03-29T09:49:49+00:00 DEBUG Tt4b_Pixel_Class::inject_add_to_cart_event: hit injectAddToCartEvent
2023-03-29T09:49:49+00:00 DEBUG Tt4b_Pixel_Class::inject_add_to_cart_event: Missing option "access_token"
2023-03-29T09:49:50+00:00 DEBUG Tt4b_Pixel_Class::inject_view_content_event: hit injectViewContentEvent
2023-03-29T09:49:50+00:00 DEBUG Tt4b_Pixel_Class::inject_view_content_event: Missing option "access_token"
2023-03-29T09:50:07+00:00 DEBUG Tt4b_Pixel_Class::inject_start_checkout: hit injectStartCheckout
2023-03-29T09:50:07+00:00 DEBUG Tt4b_Pixel_Class::inject_start_checkout: Missing option "access_token"
2023-03-29T10:02:04+00:00 DEBUG Tt4b_Pixel_Class::inject_start_checkout: hit injectStartCheckout
2023-03-29T10:02:04+00:00 DEBUG Tt4b_Pixel_Class::inject_start_checkout: Missing option "access_token"
2023-03-29T10:03:46+00:00 DEBUG Tt4b_Pixel_Class::inject_purchase_event: hit injectPurchaseEvent
2023-03-29T10:03:46+00:00 DEBUG Tt4b_Pixel_Class::inject_purchase_event: Missing option "access_token"
